<?xml version="1.0" encoding="UTF-8"?>
<!-- Generated by org.testng.reporters.JUnitReportReporter -->
<testsuite name="com.demo.BaseTest" tests="1" time="40.057" ignored="0" failures="0" timestamp="29 Jun 2017 06:35:14 GMT" skipped="0" hostname="icpl12186" errors="0">
  <testcase name="test" time="40.057" classname="com.demo.BaseTest"/>
</testsuite> <!-- com.demo.BaseTest -->
