<?xml version="1.0" encoding="UTF-8"?>
<!-- Generated by org.testng.reporters.JUnitReportReporter -->
<testsuite name="com.toi.tests.TOITests" tests="1" time="129.796" ignored="1" failures="0" timestamp="03 Jul 2017 09:42:32 GMT" skipped="0" hostname="ICPL11522" errors="0">
  <testcase name="verifyEntertainmnetTab" time="129.796" classname="com.toi.tests.TOITests"/>
  <testcase name="verifyTopNewStories" classname="com.toi.tests.TOITests">
    <skipped/>
  </testcase> <!-- verifyTopNewStories -->
</testsuite> <!-- com.toi.tests.TOITests -->
