<?xml version="1.0" encoding="UTF-8"?>
<!-- Generated by org.testng.reporters.JUnitReportReporter -->
<testsuite hostname="icpl12186" name="toiassignment.toi_assignment.Toi_App" tests="1" failures="0" timestamp="27 Jun 2017 14:36:07 GMT" time="0.008" errors="0">
  <testcase name="test" time="0.008" classname="toiassignment.toi_assignment.Toi_App"/>
</testsuite> <!-- toiassignment.toi_assignment.Toi_App -->
